<?xml version="1.0" encoding="UTF-8"?>
<testsuite xmlns:xsi="http://www.w3.org/2001/XMLSchema-instance" xsi:noNamespaceSchemaLocation="https://maven.apache.org/surefire/maven-surefire-plugin/xsd/surefire-test-report-3.0.xsd" version="3.0" name="MathUtilsTest" time="0.137" tests="2" errors="0" skipped="0" failures="0">
  <properties>
[...]
</properties>
  <testcase name="testMax" classname="MathUtilsTest" time="0.029">
    <system-out><![CDATA[10:47:50.410 [main] INFO MathUtilsTest -- Bắt đầu chạy MathUtilsTest
]]></system-out>
  </testcase>
  <testcase name="testDivide" classname="MathUtilsTest" time="0.004"/>
</testsuite>